<?xml version="1.0" encoding="UTF-8"?>
<!-- Generated by org.testng.reporters.JUnitReportReporter -->
<testsuite hostname="DESKTOP-E42SMQE" failures="0" tests="4" name="com.qa.opencart.test.LoginTest" time="87.991" errors="0" timestamp="2021-12-03T09:11:18 IST" skipped="0">
  <testcase classname="com.qa.opencart.test.LoginTest" name="verifyUsernameAndPasswordAndLoginAreExistTest" time="27.461"/>
  <system-out/>
  <testcase classname="com.qa.opencart.test.LoginTest" name="loginWithValidCredentials" time="24.614"/>
  <system-out/>
  <testcase classname="com.qa.opencart.test.LoginTest" name="verifyTitleTest" time="20.428"/>
  <system-out/>
  <testcase classname="com.qa.opencart.test.LoginTest" name="verifyForgetPasswordLinkTest" time="15.488"/>
  <system-out/>
</testsuite> <!-- com.qa.opencart.test.LoginTest -->
