<?xml version="1.0" encoding="UTF-8"?>
<!-- Generated by org.testng.reporters.JUnitReportReporter -->
<testsuite hostname="DESKTOP-E42SMQE" failures="0" tests="5" name="com.qa.opencart.test.RegistrationPageTest" time="78.459" errors="0" timestamp="2021-12-03T08:48:04 IST" skipped="0">
  <testcase classname="com.qa.opencart.test.RegistrationPageTest" name="registrationTest" time="20.101"/>
  <system-out/>
  <testcase classname="com.qa.opencart.test.RegistrationPageTest" name="registrationTest" time="13.910"/>
  <system-out/>
  <testcase classname="com.qa.opencart.test.RegistrationPageTest" name="registrationTest" time="14.033"/>
  <system-out/>
  <testcase classname="com.qa.opencart.test.RegistrationPageTest" name="registrationTest" time="14.886"/>
  <system-out/>
  <testcase classname="com.qa.opencart.test.RegistrationPageTest" name="registrationTest" time="15.529"/>
  <system-out/>
</testsuite> <!-- com.qa.opencart.test.RegistrationPageTest -->
