<?xml version="1.0" encoding="UTF-8"?>
<!-- Generated by org.testng.reporters.JUnitReportReporter -->
<testsuite hostname="DESKTOP-E42SMQE" failures="0" tests="3" name="com.qa.opencart.test.MyAccountTest" time="83.794" errors="0" timestamp="2021-12-03T09:11:18 IST" skipped="0">
  <testcase classname="com.qa.opencart.test.MyAccountTest" name="verifyMyordersSection" time="27.670"/>
  <system-out/>
  <testcase classname="com.qa.opencart.test.MyAccountTest" name="verifyPageTitleTest" time="25.466"/>
  <system-out/>
  <testcase classname="com.qa.opencart.test.MyAccountTest" name="verifyMyAccountPageHeader" time="30.658"/>
  <system-out/>
</testsuite> <!-- com.qa.opencart.test.MyAccountTest -->
