<?xml version="1.0" encoding="UTF-8"?>
<!-- Generated by org.testng.reporters.JUnitReportReporter -->
<testsuite hostname="DESKTOP-E42SMQE" failures="0" tests="3" name="com.qa.opencart.test.HomePageTest" time="63.196" errors="0" timestamp="2021-12-03T09:11:18 IST" skipped="0">
  <testcase classname="com.qa.opencart.test.HomePageTest" name="verifyIsSearchBtnExistTest" time="20.255"/>
  <system-out/>
  <testcase classname="com.qa.opencart.test.HomePageTest" name="verifyPageTitleTest" time="23.305"/>
  <system-out/>
  <testcase classname="com.qa.opencart.test.HomePageTest" name="verifyIsSearchBoxExistTest" time="19.636"/>
  <system-out/>
</testsuite> <!-- com.qa.opencart.test.HomePageTest -->
